Learning rate: 0.001000
loss: 2.117908
Epoch 0, accuracy= 0.418250, mIoU= 0.145040 
best accuracy: 0.418250 best mIoU :0.145040
Category_IOU
label0    0.497371
label1    0.166770
label2    0.206036
label3    0.056888
label4    0.003101
label5    0.057429
label6    0.042831
label7    0.129891
Name: mean_iou, dtype: float64
Learning rate: 0.001000
loss: 1.556288
Epoch 2, accuracy= 0.703438, mIoU= 0.381415 
best accuracy: 0.703438 best mIoU :0.381415
Category_IOU
label0    0.794450
label1    0.378342
label2    0.433091
label3    0.187817
label4    0.228881
label5    0.431099
label6    0.171053
label7    0.426586
Name: mean_iou, dtype: float64
Learning rate: 0.001000
loss: 1.017794
Epoch 4, accuracy= 0.826063, mIoU= 0.587381 
best accuracy: 0.826063 best mIoU :0.587381
Category_IOU
label0    0.821250
label1    0.526846
label2    0.694399
label3    0.622975
label4    0.687415
label5    0.618353
label6    0.165541
label7    0.562270
Name: mean_iou, dtype: float64
Learning rate: 0.001000
loss: 0.745174
Epoch 6, accuracy= 0.875000, mIoU= 0.653655 
best accuracy: 0.875000 best mIoU :0.653655
Category_IOU
label0    0.885441
label1    0.582540
label2    0.837123
label3    0.695688
label4    0.765655
label5    0.696335
label6    0.197842
label7    0.568613
Name: mean_iou, dtype: float64
Learning rate: 0.001000
loss: 0.589794
Epoch 8, accuracy= 0.904375, mIoU= 0.730292 
best accuracy: 0.904375 best mIoU :0.730292
Category_IOU
label0    0.904510
label1    0.693732
label2    0.901277
label3    0.831070
label4    0.823690
label5    0.744027
label6    0.325495
label7    0.618533
Name: mean_iou, dtype: float64
Learning rate: 0.001000
loss: 0.479663
Epoch 10, accuracy= 0.927188, mIoU= 0.782257 
best accuracy: 0.927188 best mIoU :0.782257
Category_IOU
label0    0.923320
label1    0.721713
label2    0.953174
label3    0.916805
label4    0.895155
label5    0.758037
label6    0.411400
label7    0.678448
Name: mean_iou, dtype: float64
Learning rate: 0.001000
loss: 0.402843
Epoch 12, accuracy= 0.943688, mIoU= 0.830009 
best accuracy: 0.943688 best mIoU :0.830009
Category_IOU
label0    0.935319
label1    0.753049
label2    0.963950
label3    0.948893
label4    0.929641
label5    0.835420
label6    0.546366
label7    0.727437
Name: mean_iou, dtype: float64
Learning rate: 0.001000
loss: 0.341236
Epoch 14, accuracy= 0.952500, mIoU= 0.855420 
best accuracy: 0.952500 best mIoU :0.855420
Category_IOU
label0    0.943609
label1    0.778491
label2    0.971489
label3    0.951489
label4    0.949358
label5    0.872913
label6    0.618293
label7    0.757717
Name: mean_iou, dtype: float64
Learning rate: 0.001000
loss: 0.291185
Epoch 16, accuracy= 0.961812, mIoU= 0.886833 
best accuracy: 0.961812 best mIoU :0.886833
Category_IOU
label0    0.950498
label1    0.808544
label2    0.970480
label3    0.960481
label4    0.956489
label5    0.908231
label6    0.736777
label7    0.803165
Name: mean_iou, dtype: float64
Learning rate: 0.001000
loss: 0.249900
Epoch 18, accuracy= 0.969500, mIoU= 0.914187 
best accuracy: 0.969500 best mIoU :0.914187
Category_IOU
label0    0.954295
label1    0.816856
label2    0.975211
label3    0.963027
label4    0.962538
label5    0.906780
label6    0.837408
label7    0.897380
Name: mean_iou, dtype: float64
Learning rate: 0.000500
loss: 0.218852
Epoch 20, accuracy= 0.972437, mIoU= 0.923135 
best accuracy: 0.972437 best mIoU :0.923135
Category_IOU
label0    0.957646
label1    0.820155
label2    0.976720
label3    0.970639
label4    0.964751
label5    0.925785
label6    0.864365
label7    0.905022
Name: mean_iou, dtype: float64
Learning rate: 0.000500
loss: 0.202097
Epoch 22, accuracy= 0.976250, mIoU= 0.934799 
best accuracy: 0.976250 best mIoU :0.934799
Category_IOU
label0    0.961968
label1    0.845779
label2    0.979852
label3    0.974026
label4    0.964751
label5    0.940891
label6    0.885366
label7    0.925759
Name: mean_iou, dtype: float64
Learning rate: 0.000500
loss: 0.186209
Epoch 24, accuracy= 0.978938, mIoU= 0.943380 
best accuracy: 0.978938 best mIoU :0.943380
Category_IOU
label0    0.965354
label1    0.874380
label2    0.982970
label3    0.974003
label4    0.967791
label5    0.945736
label6    0.904294
label7    0.932508
Name: mean_iou, dtype: float64
Learning rate: 0.000500
loss: 0.171197
Epoch 26, accuracy= 0.981062, mIoU= 0.949118 
best accuracy: 0.981062 best mIoU :0.949118
Category_IOU
label0    0.968414
label1    0.879479
label2    0.984542
label3    0.978242
label4    0.973056
label5    0.948544
label6    0.917488
label7    0.943182
Name: mean_iou, dtype: float64
Learning rate: 0.000500
loss: 0.157628
Epoch 28, accuracy= 0.981563, mIoU= 0.949951 
best accuracy: 0.981563 best mIoU :0.949951
Category_IOU
label0    0.969053
label1    0.878583
label2    0.987186
label3    0.978242
label4    0.974596
label5    0.946602
label6    0.919951
label7    0.945392
Name: mean_iou, dtype: float64
Learning rate: 0.000500
loss: 0.145151
Epoch 30, accuracy= 0.984313, mIoU= 0.959168 
best accuracy: 0.984313 best mIoU :0.959168
Category_IOU
label0    0.972425
label1    0.900332
label2    0.986126
label3    0.981707
label4    0.979118
label5    0.956989
label6    0.936646
label7    0.960000
Name: mean_iou, dtype: float64
Learning rate: 0.000500
loss: 0.133570
Epoch 32, accuracy= 0.985125, mIoU= 0.960608 
best accuracy: 0.985125 best mIoU :0.960608
Category_IOU
label0    0.974383
label1    0.911223
label2    0.986652
label3    0.981691
label4    0.982184
label5    0.963654
label6    0.927607
label7    0.957471
Name: mean_iou, dtype: float64
Learning rate: 0.000500
loss: 0.123241
Epoch 34, accuracy= 0.986875, mIoU= 0.966011 
best accuracy: 0.986875 best mIoU :0.966011
Category_IOU
label0    0.976682
label1    0.923986
label2    0.988235
label3    0.984279
label4    0.985248
label5    0.964602
label6    0.942857
label7    0.962199
Name: mean_iou, dtype: float64
Learning rate: 0.000500
loss: 0.113852
Epoch 36, accuracy= 0.987313, mIoU= 0.966348 
best accuracy: 0.987313 best mIoU :0.966348
Category_IOU
label0    0.977938
label1    0.931208
label2    0.990899
label3    0.987741
label4    0.986801
label5    0.960630
label6    0.934649
label7    0.960920
Name: mean_iou, dtype: float64
Learning rate: 0.000500
loss: 0.105223
Epoch 38, accuracy= 0.988688, mIoU= 0.970440 
best accuracy: 0.988688 best mIoU :0.970440
Category_IOU
label0    0.979782
label1    0.933898
label2    0.991966
label3    0.988606
label4    0.986047
label5    0.966469
label6    0.947891
label7    0.968858
Name: mean_iou, dtype: float64
Learning rate: 0.000250
loss: 0.098071
Epoch 40, accuracy= 0.989250, mIoU= 0.971837 
best accuracy: 0.989250 best mIoU :0.971837
Category_IOU
label0    0.981167
label1    0.945763
label2    0.991430
label3    0.989474
label4    0.989122
label5    0.963511
label6    0.945409
label7    0.968822
Name: mean_iou, dtype: float64
Learning rate: 0.000250
loss: 0.094194
Epoch 42, accuracy= 0.990125, mIoU= 0.974016 
best accuracy: 0.990125 best mIoU :0.974016
Category_IOU
label0    0.982550
label1    0.949066
label2    0.993566
label3    0.990342
label4    0.989122
label5    0.968348
label6    0.950311
label7    0.968822
Name: mean_iou, dtype: float64
Learning rate: 0.000250
loss: 0.090365
Epoch 44, accuracy= 0.990812, mIoU= 0.976012 
best accuracy: 0.990812 best mIoU :0.976012
Category_IOU
label0    0.983708
label1    0.955556
label2    0.993566
label3    0.989474
label4    0.991440
label5    0.969368
label6    0.953923
label7    0.971065
Name: mean_iou, dtype: float64
Learning rate: 0.000250
loss: 0.086855
Epoch 46, accuracy= 0.991500, mIoU= 0.977460 
best accuracy: 0.991500 best mIoU :0.977460
Category_IOU
label0    0.984981
label1    0.953925
label2    0.995172
label3    0.989474
label4    0.991440
label5    0.970326
label6    0.958750
label7    0.975610
Name: mean_iou, dtype: float64
Learning rate: 0.000250
loss: 0.083253
Epoch 48, accuracy= 0.991812, mIoU= 0.978491 
best accuracy: 0.991812 best mIoU :0.978491
Category_IOU
label0    0.985322
label1    0.957338
label2    0.994638
label3    0.990342
label4    0.992985
label5    0.975198
label6    0.956468
label7    0.975638
Name: mean_iou, dtype: float64
Learning rate: 0.000250
loss: 0.079937
Epoch 50, accuracy= 0.992437, mIoU= 0.980025 
best accuracy: 0.992437 best mIoU :0.980025
Category_IOU
label0    0.986485
label1    0.962199
label2    0.996245
label3    0.990351
label4    0.992212
label5    0.977160
label6    0.958801
label7    0.976744
Name: mean_iou, dtype: float64
Learning rate: 0.000250
loss: 0.076579
Epoch 52, accuracy= 0.993000, mIoU= 0.981500 
best accuracy: 0.993000 best mIoU :0.981500
Category_IOU
label0    0.987522
label1    0.969125
label2    0.996779
label3    0.991220
label4    0.993765
label5    0.979125
label6    0.958853
label7    0.975610
Name: mean_iou, dtype: float64
Learning rate: 0.000250
loss: 0.073437
Epoch 54, accuracy= 0.993000, mIoU= 0.981373 
Learning rate: 0.000250
loss: 0.070319
Epoch 56, accuracy= 0.993625, mIoU= 0.982730 
best accuracy: 0.993625 best mIoU :0.982730
Category_IOU
label0    0.988687
label1    0.968966
label2    0.998388
label3    0.992098
label4    0.994540
label5    0.980119
label6    0.958853
label7    0.980186
Name: mean_iou, dtype: float64
Learning rate: 0.000250
loss: 0.067455
Epoch 58, accuracy= 0.994125, mIoU= 0.984184 
best accuracy: 0.994125 best mIoU :0.984184
Category_IOU
label0    0.989497
label1    0.970790
label2    0.998388
label3    0.992970
label4    0.994540
label5    0.981113
label6    0.963659
label7    0.982517
Name: mean_iou, dtype: float64
Learning rate: 0.000125
loss: 0.065086
Epoch 60, accuracy= 0.994500, mIoU= 0.985399 
best accuracy: 0.994500 best mIoU :0.985399
Category_IOU
label0    0.990079
label1    0.974138
label2    0.998388
label3    0.992970
label4    0.993765
label5    0.984064
label6    0.966123
label7    0.983664
Name: mean_iou, dtype: float64
Learning rate: 0.000125
loss: 0.063785
Epoch 62, accuracy= 0.994500, mIoU= 0.985352 
Learning rate: 0.000125
loss: 0.062586
Epoch 64, accuracy= 0.994500, mIoU= 0.985156 
Learning rate: 0.000125
loss: 0.061297
Epoch 66, accuracy= 0.994812, mIoU= 0.986231 
best accuracy: 0.994812 best mIoU :0.986231
Category_IOU
label0    0.990661
label1    0.975862
label2    0.998388
label3    0.994723
label4    0.993765
label5    0.983068
label6    0.968553
label7    0.984831
Name: mean_iou, dtype: float64
Learning rate: 0.000125
loss: 0.060045
Epoch 68, accuracy= 0.995188, mIoU= 0.987252 
best accuracy: 0.995188 best mIoU :0.987252
Category_IOU
label0    0.991357
label1    0.977547
label2    0.998388
label3    0.995602
label4    0.993765
label5    0.983068
label6    0.972292
label7    0.985998
Name: mean_iou, dtype: float64
Learning rate: 0.000125
loss: 0.058858
Epoch 70, accuracy= 0.995563, mIoU= 0.988183 
best accuracy: 0.995563 best mIoU :0.988183
Category_IOU
label0    0.992056
label1    0.977547
label2    0.998388
label3    0.994728
label4    0.994540
label5    0.985045
label6    0.976010
label7    0.987150
Name: mean_iou, dtype: float64
Learning rate: 0.000125
loss: 0.057594
Epoch 72, accuracy= 0.995812, mIoU= 0.988830 
best accuracy: 0.995812 best mIoU :0.988830
Category_IOU
label0    0.992525
label1    0.980936
label2    0.998388
label3    0.995602
label4    0.994540
label5    0.988000
label6    0.973518
label7    0.987135
Name: mean_iou, dtype: float64
Learning rate: 0.000125
loss: 0.056364
Epoch 74, accuracy= 0.996125, mIoU= 0.989855 
best accuracy: 0.996125 best mIoU :0.989855
Category_IOU
label0    0.992990
label1    0.984375
label2    0.998925
label3    0.995602
label4    0.994540
label5    0.988000
label6    0.977244
label7    0.987165
Name: mean_iou, dtype: float64
Learning rate: 0.000125
loss: 0.055219
Epoch 76, accuracy= 0.996375, mIoU= 0.990726 
best accuracy: 0.996375 best mIoU :0.990726
Category_IOU
label0    0.993342
label1    0.987805
label2    0.998925
label3    0.996479
label4    0.994540
label5    0.988989
label6    0.979747
label7    0.985981
Name: mean_iou, dtype: float64
Learning rate: 0.000125
loss: 0.054026
Epoch 78, accuracy= 0.996750, mIoU= 0.991660 
best accuracy: 0.996750 best mIoU :0.991660
Category_IOU
label0    0.994041
label1    0.989529
label2    0.998925
label3    0.996479
label4    0.996094
label5    0.988989
label6    0.979747
label7    0.989474
Name: mean_iou, dtype: float64
Learning rate: 0.000063
loss: 0.053049
Epoch 80, accuracy= 0.996812, mIoU= 0.991798 
best accuracy: 0.996812 best mIoU :0.991798
Category_IOU
label0    0.994158
label1    0.989529
label2    0.998925
label3    0.996479
label4    0.996094
label5    0.989980
label6    0.979747
label7    0.989474
Name: mean_iou, dtype: float64
Learning rate: 0.000063
loss: 0.052501
Epoch 82, accuracy= 0.996812, mIoU= 0.991788 
Learning rate: 0.000063
loss: 0.051948
Epoch 84, accuracy= 0.997062, mIoU= 0.992522 
best accuracy: 0.997062 best mIoU :0.992522
Category_IOU
label0    0.994624
label1    0.991259
label2    0.998925
label3    0.996479
label4    0.996094
label5    0.989980
label6    0.981013
label7    0.991803
Name: mean_iou, dtype: float64
Learning rate: 0.000063
loss: 0.051413
Epoch 86, accuracy= 0.997062, mIoU= 0.992522 
Learning rate: 0.000063
loss: 0.050856
Epoch 88, accuracy= 0.997062, mIoU= 0.992484 
Learning rate: 0.000063
loss: 0.050325
Epoch 90, accuracy= 0.997375, mIoU= 0.993221 
best accuracy: 0.997375 best mIoU :0.993221
Category_IOU
label0    0.995208
label1    0.991259
label2    0.998925
label3    0.998236
label4    0.996094
label5    0.991968
label6    0.982278
label7    0.991803
Name: mean_iou, dtype: float64
Learning rate: 0.000063
loss: 0.049799
Epoch 92, accuracy= 0.997375, mIoU= 0.993191 
Learning rate: 0.000063
loss: 0.049258
Epoch 94, accuracy= 0.997500, mIoU= 0.993460 
best accuracy: 0.997500 best mIoU :0.993460
Category_IOU
label0    0.995442
label1    0.989529
label2    0.998925
label3    0.998236
label4    0.996094
label5    0.992965
label6    0.983523
label7    0.992966
Name: mean_iou, dtype: float64
Learning rate: 0.000063
loss: 0.048822
Epoch 96, accuracy= 0.997500, mIoU= 0.993530 
Learning rate: 0.000063
loss: 0.048312
Epoch 98, accuracy= 0.997437, mIoU= 0.993330 
Learning rate: 0.000031
loss: 0.047967
Epoch 100, accuracy= 0.997437, mIoU= 0.993330 
Learning rate: 0.000031
loss: 0.047748
Epoch 102, accuracy= 0.997500, mIoU= 0.993442 
Learning rate: 0.000031
loss: 0.047338
Epoch 104, accuracy= 0.997563, mIoU= 0.993664 
best accuracy: 0.997563 best mIoU :0.993664
Category_IOU
label0    0.995558
label1    0.991259
label2    0.998925
label3    0.998236
label4    0.996875
label5    0.991968
label6    0.983523
label7    0.992966
Name: mean_iou, dtype: float64
Learning rate: 0.000031
loss: 0.047060
Epoch 106, accuracy= 0.997500, mIoU= 0.993444 
Learning rate: 0.000031
loss: 0.046879
Epoch 108, accuracy= 0.997687, mIoU= 0.994159 
best accuracy: 0.997687 best mIoU :0.994159
Category_IOU
label0    0.995675
label1    0.993007
label2    0.999462
label3    0.998236
label4    0.996097
label5    0.992965
label6    0.986023
label7    0.991803
Name: mean_iou, dtype: float64
Learning rate: 0.000031
loss: 0.046527
Epoch 110, accuracy= 0.997687, mIoU= 0.994147 
Learning rate: 0.000031
loss: 0.046200
Epoch 112, accuracy= 0.997687, mIoU= 0.994060 
Learning rate: 0.000031
loss: 0.046081
Epoch 114, accuracy= 0.997687, mIoU= 0.994120 
Learning rate: 0.000031
loss: 0.045796
Epoch 116, accuracy= 0.997812, mIoU= 0.994311 
best accuracy: 0.997812 best mIoU :0.994311
Category_IOU
label0    0.995909
label1    0.991274
label2    0.999462
label3    0.998236
label4    0.997654
label5    0.992965
label6    0.986023
label7    0.992966
Name: mean_iou, dtype: float64
Learning rate: 0.000031
loss: 0.045485
Epoch 118, accuracy= 0.997750, mIoU= 0.994140 
Learning rate: 0.000016
loss: 0.045232
Epoch 120, accuracy= 0.997750, mIoU= 0.994259 
Learning rate: 0.000016
loss: 0.045148
Epoch 122, accuracy= 0.997875, mIoU= 0.994511 
best accuracy: 0.997875 best mIoU :0.994511
Category_IOU
label0    0.996026
label1    0.993007
label2    0.999462
label3    0.998236
label4    0.997654
label5    0.993964
label6    0.984772
label7    0.992966
Name: mean_iou, dtype: float64
Learning rate: 0.000016
loss: 0.045002
Epoch 124, accuracy= 0.997875, mIoU= 0.994542 
Learning rate: 0.000016
loss: 0.044830
Epoch 126, accuracy= 0.997875, mIoU= 0.994542 
Learning rate: 0.000016
loss: 0.044679
Epoch 128, accuracy= 0.997875, mIoU= 0.994477 
Learning rate: 0.000016
loss: 0.044579
Epoch 130, accuracy= 0.997875, mIoU= 0.994446 
Learning rate: 0.000016
loss: 0.044432
Epoch 132, accuracy= 0.997875, mIoU= 0.994337 
Learning rate: 0.000016
loss: 0.044366
Epoch 134, accuracy= 0.998125, mIoU= 0.995154 
best accuracy: 0.998125 best mIoU :0.995154
Category_IOU
label0    0.996493
label1    0.993007
label2    0.999462
label3    0.998236
label4    0.997656
label5    0.994965
label6    0.987277
label7    0.994131
Name: mean_iou, dtype: float64
Learning rate: 0.000016
loss: 0.044136
Epoch 136, accuracy= 0.998000, mIoU= 0.994783 
Learning rate: 0.000016
loss: 0.044042
Epoch 138, accuracy= 0.998062, mIoU= 0.994922 
Learning rate: 0.000010
loss: 0.044005
Epoch 140, accuracy= 0.998125, mIoU= 0.995062 
Learning rate: 0.000010
loss: 0.043876
Epoch 142, accuracy= 0.998188, mIoU= 0.995293 
best accuracy: 0.998188 best mIoU :0.995293
Category_IOU
label0    0.996610
label1    0.993007
label2    0.999462
label3    0.998236
label4    0.997656
label5    0.995968
label6    0.987277
label7    0.994131
Name: mean_iou, dtype: float64
Learning rate: 0.000010
loss: 0.043647
Epoch 144, accuracy= 0.998188, mIoU= 0.995293 
Learning rate: 0.000010
loss: 0.043590
Epoch 146, accuracy= 0.998125, mIoU= 0.995122 
Learning rate: 0.000010
loss: 0.043581
Epoch 148, accuracy= 0.998125, mIoU= 0.995062 
Learning rate: 0.000010
loss: 0.043522
Epoch 150, accuracy= 0.998188, mIoU= 0.995234 
Learning rate: 0.000010
loss: 0.043375
Epoch 152, accuracy= 0.998188, mIoU= 0.995293 
Learning rate: 0.000010
loss: 0.043346
Epoch 154, accuracy= 0.998125, mIoU= 0.995051 
Learning rate: 0.000010
loss: 0.043325
Epoch 156, accuracy= 0.998250, mIoU= 0.995363 
best accuracy: 0.998250 best mIoU :0.995363
Category_IOU
label0    0.996726
label1    0.991274
label2    0.999462
label3    0.998236
label4    0.997656
label5    0.996976
label6    0.987277
label7    0.995300
Name: mean_iou, dtype: float64
Learning rate: 0.000010
loss: 0.043152
Epoch 158, accuracy= 0.998313, mIoU= 0.995595 
best accuracy: 0.998313 best mIoU :0.995595
Category_IOU
label0    0.996843
label1    0.993007
label2    0.999462
label3    0.998236
label4    0.997656
label5    0.996976
label6    0.987277
label7    0.995300
Name: mean_iou, dtype: float64
Learning rate: 0.000010
loss: 0.043013
Epoch 160, accuracy= 0.998313, mIoU= 0.995595 
Learning rate: 0.000010
loss: 0.043014
Epoch 162, accuracy= 0.998375, mIoU= 0.995827 
best accuracy: 0.998375 best mIoU :0.995827
Category_IOU
label0    0.996960
label1    0.993007
label2    0.999462
label3    0.998236
label4    0.996875
label5    0.996976
label6    0.989796
label7    0.995300
Name: mean_iou, dtype: float64
Learning rate: 0.000010
loss: 0.042842
Epoch 164, accuracy= 0.998437, mIoU= 0.995939 
best accuracy: 0.998437 best mIoU :0.995939
Category_IOU
label0    0.997077
label1    0.993007
label2    0.999462
label3    0.998236
label4    0.997656
label5    0.996976
label6    0.989796
label7    0.995300
Name: mean_iou, dtype: float64
Learning rate: 0.000010
loss: 0.042739
Epoch 166, accuracy= 0.998313, mIoU= 0.995535 
Learning rate: 0.000010
loss: 0.042732
Epoch 168, accuracy= 0.998437, mIoU= 0.995999 
Learning rate: 0.000010
loss: 0.042587
Epoch 170, accuracy= 0.998500, mIoU= 0.996171 
best accuracy: 0.998500 best mIoU :0.996171
Category_IOU
label0    0.997194
label1    0.994746
label2    0.999462
label3    0.998236
label4    0.997656
label5    0.996976
label6    0.989796
label7    0.995300
Name: mean_iou, dtype: float64
Learning rate: 0.000010
loss: 0.042462
Epoch 172, accuracy= 0.998437, mIoU= 0.995882 
Learning rate: 0.000010
loss: 0.042449
Epoch 174, accuracy= 0.998437, mIoU= 0.995973 
Learning rate: 0.000010
loss: 0.042398
Epoch 176, accuracy= 0.998375, mIoU= 0.995709 
Learning rate: 0.000010
loss: 0.042300
Epoch 178, accuracy= 0.998313, mIoU= 0.995479 
Learning rate: 0.000010
loss: 0.042186
Epoch 180, accuracy= 0.998437, mIoU= 0.995940 
Learning rate: 0.000010
loss: 0.042043
Epoch 182, accuracy= 0.998375, mIoU= 0.995709 
Learning rate: 0.000010
loss: 0.041967
Epoch 184, accuracy= 0.998437, mIoU= 0.995882 
Learning rate: 0.000010
loss: 0.041867
Epoch 186, accuracy= 0.998375, mIoU= 0.995709 
Learning rate: 0.000010
loss: 0.041780
Epoch 188, accuracy= 0.998500, mIoU= 0.996052 
Learning rate: 0.000010
loss: 0.041748
Epoch 190, accuracy= 0.998437, mIoU= 0.995821 
Learning rate: 0.000010
loss: 0.041650
Epoch 192, accuracy= 0.998563, mIoU= 0.996225 
best accuracy: 0.998563 best mIoU :0.996225
Category_IOU
label0    0.997311
label1    0.993007
label2    0.999462
label3    0.998236
label4    0.998436
label5    0.996976
label6    0.991071
label7    0.995300
Name: mean_iou, dtype: float64
Learning rate: 0.000010
loss: 0.041547
Epoch 194, accuracy= 0.998687, mIoU= 0.996690 
best accuracy: 0.998687 best mIoU :0.996690
Category_IOU
label0    0.997544
label1    0.996491
label2    0.999462
label3    0.998236
label4    0.998436
label5    0.996976
label6    0.991071
label7    0.995300
Name: mean_iou, dtype: float64
Learning rate: 0.000010
loss: 0.041373
Epoch 196, accuracy= 0.998563, mIoU= 0.996225 
Learning rate: 0.000010
loss: 0.041368
Epoch 198, accuracy= 0.998625, mIoU= 0.996457 
